<?xml version="1.0" encoding="utf-8"?><testsuites name="pytest tests"><testsuite name="pytest" errors="0" failures="1" skipped="0" tests="127" time="127.966" timestamp="2026-06-11T03:11:25.783807+00:00" hostname="agent-env-1a34c295-26c4-42d6-b3e2-ad01ebbb62f0"><testcase classname="backend.tests.test_courtbazaar_api.TestHealth" name="test_root" time="0.140" /><testcase classname="backend.tests.test_courtbazaar_api.TestHealth" name="test_states" time="0.054" /><testcase classname="backend.tests.test_courtbazaar_api.TestHealth" name="test_services" time="0.051" /><testcase classname="backend.tests.test_courtbazaar_api.TestHealth" name="test_service_categories" time="0.047" /><testcase classname="backend.tests.test_courtbazaar_api.TestHealth" name="test_service_detail" time="0.047" /><testcase classname="backend.tests.test_courtbazaar_api.TestAuth" name="test_login_advocate" time="0.275" /><testcase classname="backend.tests.test_courtbazaar_api.TestAuth" name="test_auth_me_returns_advocate" time="0.320" /><testcase classname="backend.tests.test_courtbazaar_api.TestAuth" name="test_register_new_user" time="0.327" /><testcase classname="backend.tests.test_courtbazaar_api.TestAuth" name="test_login_invalid" time="0.271" /><testcase classname="backend.tests.test_courtbazaar_api.TestAuth" name="test_otp_request" time="0.051" /><testcase classname="backend.tests.test_courtbazaar_api.TestAuth" name="test_otp_verify_creates_user" time="0.048" /><testcase classname="backend.tests.test_courtbazaar_api.TestAuth" name="test_otp_verify_invalid" time="0.048" /><testcase classname="backend.tests.test_courtbazaar_api.TestProfile" name="test_update_profile_persists" time="0.101" /><testcase classname="backend.tests.test_courtbazaar_api.TestCourts" name="test_courts_by_state_delhi" time="0.053" /><testcase classname="backend.tests.test_courtbazaar_api.TestCourts" name="test_court_detail_with_vendor_count" time="0.048" /><testcase classname="backend.tests.test_courtbazaar_api.TestFiles" name="test_upload_and_list" time="0.388" /><testcase classname="backend.tests.test_courtbazaar_api.TestOrders" name="test_quote_pricing_includes_gst_total" time="0.054" /><testcase classname="backend.tests.test_courtbazaar_api.TestOrders" name="test_create_order_auto_matches_vendor" time="0.054" /><testcase classname="backend.tests.test_courtbazaar_api.TestOrders" name="test_list_my_orders" time="0.060" /><testcase classname="backend.tests.test_courtbazaar_api.TestOrders" name="test_get_order_detail" time="0.050" /><testcase classname="backend.tests.test_courtbazaar_api.TestPayments" name="test_checkout_returns_stripe_url" time="0.502" /><testcase classname="backend.tests.test_courtbazaar_api.TestPayments" name="test_payment_status_pending" time="0.232" /><testcase classname="backend.tests.test_courtbazaar_api.TestAI" name="test_ai_chat" time="10.325" /><testcase classname="backend.tests.test_courtbazaar_api.TestAI" name="test_ai_history" time="0.055" /><testcase classname="backend.tests.test_courtbazaar_api.TestAI" name="test_filing_checklist" time="60.047"><failure message="AssertionError: The preview environment is not responding. It may be starting up.&#10;  &#10;assert 502 == 200&#10; +  where 502 = &lt;Response [502]&gt;.status_code">E   AssertionError: The preview environment is not responding. It may be starting up.
      
    assert 502 == 200
     +  where 502 = &lt;Response [502]&gt;.status_code</failure></testcase><testcase classname="backend.tests.test_courtbazaar_api.TestSubscriptions" name="test_plans" time="0.108" /><testcase classname="backend.tests.test_courtbazaar_api.TestSubscriptions" name="test_activate" time="0.171" /><testcase classname="backend.tests.test_courtbazaar_api.TestWallet" name="test_wallet_get_and_add" time="0.104" /><testcase classname="backend.tests.test_courtbazaar_api.TestVendor" name="test_vendor_login_and_me" time="0.328" /><testcase classname="backend.tests.test_courtbazaar_api.TestVendor" name="test_vendor_sees_matched_orders" time="0.067" /><testcase classname="backend.tests.test_courtbazaar_api.TestVendor" name="test_vendor_updates_order_status" time="0.121" /><testcase classname="backend.tests.test_courtbazaar_api.TestVendorOnboard" name="test_advocate_can_onboard_vendor" time="0.399" /><testcase classname="backend.tests.test_courtbazaar_api.TestAdmin" name="test_analytics" time="0.337" /><testcase classname="backend.tests.test_courtbazaar_api.TestAdmin" name="test_admin_vendors" time="0.048" /><testcase classname="backend.tests.test_courtbazaar_api.TestAdmin" name="test_admin_users" time="0.057" /><testcase classname="backend.tests.test_courtbazaar_api.TestAdmin" name="test_admin_update_pricing" time="0.157" /><testcase classname="backend.tests.test_courtbazaar_api.TestAuthSecurity" name="test_orders_requires_auth" time="0.137" /><testcase classname="backend.tests.test_courtbazaar_api.TestAuthSecurity" name="test_admin_endpoint_forbidden_for_non_admin" time="0.049" /><testcase classname="backend.tests.test_courtbazaar_api.TestCourtsP1" name="test_serviceable_only_returns_delhi_only" time="0.050" /><testcase classname="backend.tests.test_courtbazaar_api.TestCourtsP1" name="test_all_courts_count" time="0.062" /><testcase classname="backend.tests.test_courtbazaar_api.TestPaymentsP1" name="test_payment_methods_endpoint" time="0.066" /><testcase classname="backend.tests.test_courtbazaar_api.TestPaymentsP1" name="test_razorpay_create_and_verify_simulated" time="0.209" /><testcase classname="backend.tests.test_courtbazaar_api.TestNotificationsP1" name="test_notifications_status" time="0.052" /><testcase classname="backend.tests.test_courtbazaar_api.TestNotificationsP1" name="test_notif_prefs_update_persists" time="0.109" /><testcase classname="backend.tests.test_courtbazaar_api.TestNotificationsP1" name="test_order_creation_triggers_notification_without_error" time="0.056" /><testcase classname="backend.tests.test_courtbazaar_api.TestNotificationsP1" name="test_order_status_update_triggers_notification_without_error" time="0.106" /><testcase classname="backend.tests.test_courtbazaar_api.TestLawFirmP1" name="test_create_firm_and_me" time="0.420" /><testcase classname="backend.tests.test_courtbazaar_api.TestLawFirmP1" name="test_firm_invite_non_owner_forbidden" time="0.049" /><testcase classname="backend.tests.test_courtbazaar_api.TestLawFirmP1" name="test_firm_invite_and_accept_flow" time="0.476" /><testcase classname="backend.tests.test_courtbazaar_api.TestLawFirmP1" name="test_firm_orders_endpoint" time="0.106" /><testcase classname="backend.tests.test_courtbazaar_api.TestDeliveryP1" name="test_delivery_integrations" time="0.053" /><testcase classname="backend.tests.test_courtbazaar_api.TestDeliveryP1" name="test_delivery_full_flow" time="0.975" /><testcase classname="backend.tests.test_courtbazaar_api.TestDeliveryP1" name="test_delivery_queue_forbidden_for_non_dp" time="0.057" /><testcase classname="backend.tests.test_courtbazaar_api.TestServiceabilityP1" name="test_order_non_delhi_court_rejected" time="0.061" /><testcase classname="backend.tests.test_courtbazaar_api.TestServiceabilityP1" name="test_order_delhi_court_succeeds" time="0.052" /><testcase classname="backend.tests.test_courtbazaar_api.TestDocIntelP1" name="test_doc_intel_analyze_returns_valid_report" time="18.526" /><testcase classname="backend.tests.test_courtbazaar_api.TestSponsoredP1" name="test_sponsored_plan" time="0.051" /><testcase classname="backend.tests.test_courtbazaar_api.TestSponsoredP1" name="test_sponsored_activate_and_priority_in_matching" time="0.160" /><testcase classname="backend.tests.test_courtbazaar_api.TestDocIntelRealOCR" name="test_analyze_pdf_and_png_with_ocr" time="18.829" /><testcase classname="backend.tests.test_courtbazaar_api.TestAdminReconciliation" name="test_seed_one_paid_stripe_and_one_paid_razorpay" time="0.675" /><testcase classname="backend.tests.test_courtbazaar_api.TestAdminReconciliation" name="test_reconciliation_list_shape" time="0.056" /><testcase classname="backend.tests.test_courtbazaar_api.TestAdminReconciliation" name="test_reconciliation_filter_by_gateway" time="0.050" /><testcase classname="backend.tests.test_courtbazaar_api.TestAdminReconciliation" name="test_reconciliation_filter_by_status_paid" time="0.050" /><testcase classname="backend.tests.test_courtbazaar_api.TestAdminReconciliation" name="test_reconciliation_mismatch_detection" time="0.589" /><testcase classname="backend.tests.test_courtbazaar_api.TestAdminReconciliation" name="test_reconciliation_csv_export" time="0.052" /><testcase classname="backend.tests.test_courtbazaar_api.TestAdminReconciliation" name="test_reconciliation_forbidden_for_non_admin" time="0.099" /><testcase classname="backend.tests.test_courtbazaar_api.TestWhatsAppTemplates" name="test_seed_defaults_on_first_get" time="0.049" /><testcase classname="backend.tests.test_courtbazaar_api.TestWhatsAppTemplates" name="test_create_submit_approve_flow" time="0.253" /><testcase classname="backend.tests.test_courtbazaar_api.TestWhatsAppTemplates" name="test_reject_flow" time="0.196" /><testcase classname="backend.tests.test_courtbazaar_api.TestWhatsAppTemplates" name="test_filter_by_status_approved" time="0.049" /><testcase classname="backend.tests.test_courtbazaar_api.TestWhatsAppTemplates" name="test_delete" time="0.147" /><testcase classname="backend.tests.test_courtbazaar_api.TestWhatsAppTemplates" name="test_whatsapp_templates_forbidden_for_non_admin" time="0.045" /><testcase classname="backend.tests.test_courtbazaar_api.TestRegressionIter3" name="test_states_still_36plus" time="0.051" /><testcase classname="backend.tests.test_courtbazaar_api.TestRegressionIter3" name="test_services_still_44" time="0.052" /><testcase classname="backend.tests.test_courtbazaar_api.TestRegressionIter3" name="test_logins_all_three" time="0.819" /><testcase classname="backend.tests.test_courtbazaar_api.TestRegressionIter3" name="test_order_create_at_tishazari" time="0.052" /><testcase classname="backend.tests.test_courtbazaar_api.TestBulkImportIter4" name="test_template_download" time="0.049" /><testcase classname="backend.tests.test_courtbazaar_api.TestBulkImportIter4" name="test_bulk_import_requires_firm" time="0.390" /><testcase classname="backend.tests.test_courtbazaar_api.TestBulkImportIter4" name="test_bulk_import_happy_path" time="0.487" /><testcase classname="backend.tests.test_courtbazaar_api.TestBulkImportIter4" name="test_bulk_import_partial_errors_non_serviceable_court" time="0.462" /><testcase classname="backend.tests.test_courtbazaar_api.TestBulkImportIter4" name="test_bulk_import_unknown_service_handled" time="0.420" /><testcase classname="backend.tests.test_courtbazaar_api.TestBulkImportIter4" name="test_bulk_import_associate_forbidden" time="0.796" /><testcase classname="backend.tests.test_courtbazaar_api.TestAuditLogIter4" name="test_admin_audit_log_lists" time="0.322" /><testcase classname="backend.tests.test_courtbazaar_api.TestAuditLogIter4" name="test_admin_audit_log_filter_action" time="0.048" /><testcase classname="backend.tests.test_courtbazaar_api.TestAuditLogIter4" name="test_audit_log_forbidden_non_admin" time="0.051" /><testcase classname="backend.tests.test_courtbazaar_api.TestAuditLogIter4" name="test_audit_log_auto_write_on_order_create" time="0.609" /><testcase classname="backend.tests.test_courtbazaar_api.TestDPDPIter4" name="test_my_data_preview_shape" time="0.075" /><testcase classname="backend.tests.test_courtbazaar_api.TestDPDPIter4" name="test_my_data_download_attachment" time="0.070" /><testcase classname="backend.tests.test_courtbazaar_api.TestDPDPIter4" name="test_deletion_request_creates_record" time="0.050" /><testcase classname="backend.tests.test_courtbazaar_api.TestDPDPIter4" name="test_admin_dpdp_list_includes_request" time="0.052" /><testcase classname="backend.tests.test_courtbazaar_api.TestDPDPIter4" name="test_admin_execute_deletion_anonymises_user" time="0.428" /><testcase classname="backend.tests.test_courtbazaar_api.TestComplianceReportIter4" name="test_compliance_report_shape" time="0.054" /><testcase classname="backend.tests.test_courtbazaar_api.TestVendorLeaderboardIter4" name="test_leaderboard_admin" time="0.051" /><testcase classname="backend.tests.test_courtbazaar_api.TestVendorLeaderboardIter4" name="test_leaderboard_forbidden_for_non_admin" time="0.050" /><testcase classname="backend.tests.test_courtbazaar_api.TestVendorLeaderboardIter4" name="test_vendor_me_sla" time="0.057" /><testcase classname="backend.tests.test_courtbazaar_api.TestVendorLeaderboardIter4" name="test_vendor_me_sla_forbidden_for_advocate" time="0.051" /><testcase classname="backend.tests.test_courtbazaar_api.TestVendorLeaderboardIter4" name="test_vendor_sla_by_id_admin" time="0.100" /><testcase classname="backend.tests.test_courtbazaar_api.TestVendorLeaderboardIter4" name="test_vendor_sla_by_id_other_vendor_forbidden" time="0.067" /><testcase classname="backend.tests.test_courtbazaar_api.TestRegressionIter4" name="test_states_36plus" time="0.050" /><testcase classname="backend.tests.test_courtbazaar_api.TestRegressionIter4" name="test_services_44" time="0.051" /><testcase classname="backend.tests.test_courtbazaar_api.TestRegressionIter4" name="test_admin_analytics_ok" time="0.072" /><testcase classname="backend.tests.test_courtbazaar_api.TestRegressionIter4" name="test_admin_reconciliation_ok" time="0.049" /><testcase classname="backend.tests.test_courtbazaar_api.TestIter6Services" name="test_services_count_48" time="0.050" /><testcase classname="backend.tests.test_courtbazaar_api.TestIter6Services" name="test_stenographer_services_seeded" time="0.048" /><testcase classname="backend.tests.test_courtbazaar_api.TestIter6Services" name="test_unified_20pct_commission_all_services" time="0.047" /><testcase classname="backend.tests.test_courtbazaar_api.TestIter6PricingEngine" name="test_80_20_split_bw_photocopy_100pages_chamber" time="0.059" /><testcase classname="backend.tests.test_courtbazaar_api.TestIter6PricingEngine" name="test_convenience_equals_platform" time="0.055" /><testcase classname="backend.tests.test_courtbazaar_api.TestIter6PricingEngine" name="test_urgent_80_20_split" time="0.051" /><testcase classname="backend.tests.test_courtbazaar_api.TestIter6Stenographer" name="test_book_happy_path" time="0.056" /><testcase classname="backend.tests.test_courtbazaar_api.TestIter6Stenographer" name="test_min_hours_validation" time="0.052" /><testcase classname="backend.tests.test_courtbazaar_api.TestIter6Stenographer" name="test_non_serviceable_court_rejected" time="0.054" /><testcase classname="backend.tests.test_courtbazaar_api.TestIter6Stenographer" name="test_list_stenographers" time="0.049" /><testcase classname="backend.tests.test_courtbazaar_api.TestIter6Stenographer" name="test_list_stenographers_by_court" time="0.050" /><testcase classname="backend.tests.test_courtbazaar_api.TestIter6VendorCategories" name="test_vendor_categories_endpoint" time="0.048" /><testcase classname="backend.tests.test_courtbazaar_api.TestIter6VendorOnboarding" name="test_onboard_without_gst" time="0.333" /><testcase classname="backend.tests.test_courtbazaar_api.TestIter6VendorOnboarding" name="test_onboard_with_gst" time="0.325" /><testcase classname="backend.tests.test_courtbazaar_api.TestIter6VendorOnboarding" name="test_onboard_stenographer_with_hourly_rate" time="0.324" /><testcase classname="backend.tests.test_courtbazaar_api.TestIter6FilePageCount" name="test_pdf_page_count_5" time="0.298" /><testcase classname="backend.tests.test_courtbazaar_api.TestIter6FilePageCount" name="test_png_page_count_1" time="0.275" /><testcase classname="backend.tests.test_courtbazaar_api.TestIter6AutoDeleteOnCompletion" name="test_files_purged_on_completed" time="0.608" /><testcase classname="backend.tests.test_courtbazaar_api.TestIter6CommandCenter" name="test_command_center_admin_200" time="0.055" /><testcase classname="backend.tests.test_courtbazaar_api.TestIter6CommandCenter" name="test_command_center_forbidden_non_admin" time="0.047" /><testcase classname="backend.tests.test_courtbazaar_api.TestIter6Regression" name="test_states_36" time="0.051" /><testcase classname="backend.tests.test_courtbazaar_api.TestIter6Regression" name="test_order_at_tishazari_works" time="0.051" /><testcase classname="backend.tests.test_courtbazaar_api.TestIter6Regression" name="test_admin_reconciliation_ok" time="0.053" /><testcase classname="backend.tests.test_courtbazaar_api.TestIter6Regression" name="test_admin_leaderboard_ok" time="0.049" /><testcase classname="backend.tests.test_courtbazaar_api.TestIter6Regression" name="test_admin_audit_log_ok" time="0.070" /></testsuite></testsuites>