<?xml version="1.0" encoding="utf-8"?><testsuites name="pytest tests"><testsuite name="pytest" errors="0" failures="0" skipped="0" tests="18" time="28.031" timestamp="2026-06-10T11:52:52.316732+00:00" hostname="agent-env-1a34c295-26c4-42d6-b3e2-ad01ebbb62f0"><testcase classname="backend.tests.test_courtbazaar_api.TestDocIntelRealOCR" name="test_analyze_pdf_and_png_with_ocr" time="24.058" /><testcase classname="backend.tests.test_courtbazaar_api.TestAdminReconciliation" name="test_seed_one_paid_stripe_and_one_paid_razorpay" time="0.863" /><testcase classname="backend.tests.test_courtbazaar_api.TestAdminReconciliation" name="test_reconciliation_list_shape" time="0.319" /><testcase classname="backend.tests.test_courtbazaar_api.TestAdminReconciliation" name="test_reconciliation_filter_by_gateway" time="0.049" /><testcase classname="backend.tests.test_courtbazaar_api.TestAdminReconciliation" name="test_reconciliation_filter_by_status_paid" time="0.050" /><testcase classname="backend.tests.test_courtbazaar_api.TestAdminReconciliation" name="test_reconciliation_mismatch_detection" time="0.638" /><testcase classname="backend.tests.test_courtbazaar_api.TestAdminReconciliation" name="test_reconciliation_csv_export" time="0.050" /><testcase classname="backend.tests.test_courtbazaar_api.TestAdminReconciliation" name="test_reconciliation_forbidden_for_non_admin" time="0.095" /><testcase classname="backend.tests.test_courtbazaar_api.TestWhatsAppTemplates" name="test_seed_defaults_on_first_get" time="0.049" /><testcase classname="backend.tests.test_courtbazaar_api.TestWhatsAppTemplates" name="test_create_submit_approve_flow" time="0.252" /><testcase classname="backend.tests.test_courtbazaar_api.TestWhatsAppTemplates" name="test_reject_flow" time="0.198" /><testcase classname="backend.tests.test_courtbazaar_api.TestWhatsAppTemplates" name="test_filter_by_status_approved" time="0.048" /><testcase classname="backend.tests.test_courtbazaar_api.TestWhatsAppTemplates" name="test_delete" time="0.146" /><testcase classname="backend.tests.test_courtbazaar_api.TestWhatsAppTemplates" name="test_whatsapp_templates_forbidden_for_non_admin" time="0.050" /><testcase classname="backend.tests.test_courtbazaar_api.TestRegressionIter3" name="test_states_still_36plus" time="0.049" /><testcase classname="backend.tests.test_courtbazaar_api.TestRegressionIter3" name="test_services_still_44" time="0.047" /><testcase classname="backend.tests.test_courtbazaar_api.TestRegressionIter3" name="test_logins_all_three" time="0.820" /><testcase classname="backend.tests.test_courtbazaar_api.TestRegressionIter3" name="test_order_create_at_tishazari" time="0.050" /></testsuite></testsuites>