<?xml version="1.0" encoding="utf-8"?><testsuites name="pytest tests"><testsuite name="pytest" errors="0" failures="0" skipped="0" tests="25" time="4.402" timestamp="2026-06-11T03:08:19.812509+00:00" hostname="agent-env-1a34c295-26c4-42d6-b3e2-ad01ebbb62f0"><testcase classname="backend.tests.test_courtbazaar_api.TestIter6Services" name="test_services_count_48" time="0.266" /><testcase classname="backend.tests.test_courtbazaar_api.TestIter6Services" name="test_stenographer_services_seeded" time="0.049" /><testcase classname="backend.tests.test_courtbazaar_api.TestIter6Services" name="test_unified_20pct_commission_all_services" time="0.054" /><testcase classname="backend.tests.test_courtbazaar_api.TestIter6PricingEngine" name="test_80_20_split_bw_photocopy_100pages_chamber" time="0.335" /><testcase classname="backend.tests.test_courtbazaar_api.TestIter6PricingEngine" name="test_convenience_equals_platform" time="0.049" /><testcase classname="backend.tests.test_courtbazaar_api.TestIter6PricingEngine" name="test_urgent_80_20_split" time="0.053" /><testcase classname="backend.tests.test_courtbazaar_api.TestIter6Stenographer" name="test_book_happy_path" time="0.051" /><testcase classname="backend.tests.test_courtbazaar_api.TestIter6Stenographer" name="test_min_hours_validation" time="0.050" /><testcase classname="backend.tests.test_courtbazaar_api.TestIter6Stenographer" name="test_non_serviceable_court_rejected" time="0.050" /><testcase classname="backend.tests.test_courtbazaar_api.TestIter6Stenographer" name="test_list_stenographers" time="0.047" /><testcase classname="backend.tests.test_courtbazaar_api.TestIter6Stenographer" name="test_list_stenographers_by_court" time="0.049" /><testcase classname="backend.tests.test_courtbazaar_api.TestIter6VendorCategories" name="test_vendor_categories_endpoint" time="0.061" /><testcase classname="backend.tests.test_courtbazaar_api.TestIter6VendorOnboarding" name="test_onboard_without_gst" time="0.324" /><testcase classname="backend.tests.test_courtbazaar_api.TestIter6VendorOnboarding" name="test_onboard_with_gst" time="0.328" /><testcase classname="backend.tests.test_courtbazaar_api.TestIter6VendorOnboarding" name="test_onboard_stenographer_with_hourly_rate" time="0.328" /><testcase classname="backend.tests.test_courtbazaar_api.TestIter6FilePageCount" name="test_pdf_page_count_5" time="0.395" /><testcase classname="backend.tests.test_courtbazaar_api.TestIter6FilePageCount" name="test_png_page_count_1" time="0.365" /><testcase classname="backend.tests.test_courtbazaar_api.TestIter6AutoDeleteOnCompletion" name="test_files_purged_on_completed" time="0.901" /><testcase classname="backend.tests.test_courtbazaar_api.TestIter6CommandCenter" name="test_command_center_admin_200" time="0.060" /><testcase classname="backend.tests.test_courtbazaar_api.TestIter6CommandCenter" name="test_command_center_forbidden_non_admin" time="0.051" /><testcase classname="backend.tests.test_courtbazaar_api.TestIter6Regression" name="test_states_36" time="0.047" /><testcase classname="backend.tests.test_courtbazaar_api.TestIter6Regression" name="test_order_at_tishazari_works" time="0.053" /><testcase classname="backend.tests.test_courtbazaar_api.TestIter6Regression" name="test_admin_reconciliation_ok" time="0.049" /><testcase classname="backend.tests.test_courtbazaar_api.TestIter6Regression" name="test_admin_leaderboard_ok" time="0.060" /><testcase classname="backend.tests.test_courtbazaar_api.TestIter6Regression" name="test_admin_audit_log_ok" time="0.052" /></testsuite></testsuites>