<?xml version="1.0" encoding="utf-8"?><testsuites name="pytest tests"><testsuite name="pytest" errors="0" failures="0" skipped="0" tests="3" time="2.326" timestamp="2026-06-10T12:16:46.136347+00:00" hostname="agent-env-1a34c295-26c4-42d6-b3e2-ad01ebbb62f0"><testcase classname="backend.tests.test_dpdp_token_fix" name="test_deletion_invalidates_jwt_token" time="1.361" /><testcase classname="backend.tests.test_dpdp_token_fix" name="test_regression_normal_user_auth_still_works" time="0.447" /><testcase classname="backend.tests.test_dpdp_token_fix" name="test_regression_admin_audit_log_works" time="0.449" /></testsuite></testsuites>