<?xml version="1.0" encoding="utf-8"?><testsuites name="pytest tests"><testsuite name="pytest" errors="0" failures="1" skipped="0" tests="26" time="6.122" timestamp="2026-06-10T12:10:47.594946+00:00" hostname="agent-env-1a34c295-26c4-42d6-b3e2-ad01ebbb62f0"><testcase classname="backend.tests.test_courtbazaar_api.TestBulkImportIter4" name="test_template_download" time="0.416" /><testcase classname="backend.tests.test_courtbazaar_api.TestBulkImportIter4" name="test_bulk_import_requires_firm" time="0.423" /><testcase classname="backend.tests.test_courtbazaar_api.TestBulkImportIter4" name="test_bulk_import_happy_path" time="0.512" /><testcase classname="backend.tests.test_courtbazaar_api.TestBulkImportIter4" name="test_bulk_import_partial_errors_non_serviceable_court" time="0.475" /><testcase classname="backend.tests.test_courtbazaar_api.TestBulkImportIter4" name="test_bulk_import_unknown_service_handled" time="0.419" /><testcase classname="backend.tests.test_courtbazaar_api.TestBulkImportIter4" name="test_bulk_import_associate_forbidden" time="0.798" /><testcase classname="backend.tests.test_courtbazaar_api.TestAuditLogIter4" name="test_admin_audit_log_lists" time="0.603" /><testcase classname="backend.tests.test_courtbazaar_api.TestAuditLogIter4" name="test_admin_audit_log_filter_action" time="0.047" /><testcase classname="backend.tests.test_courtbazaar_api.TestAuditLogIter4" name="test_audit_log_forbidden_non_admin" time="0.046" /><testcase classname="backend.tests.test_courtbazaar_api.TestAuditLogIter4" name="test_audit_log_auto_write_on_order_create" time="0.596" /><testcase classname="backend.tests.test_courtbazaar_api.TestDPDPIter4" name="test_my_data_preview_shape" time="0.062" /><testcase classname="backend.tests.test_courtbazaar_api.TestDPDPIter4" name="test_my_data_download_attachment" time="0.062" /><testcase classname="backend.tests.test_courtbazaar_api.TestDPDPIter4" name="test_deletion_request_creates_record" time="0.055" /><testcase classname="backend.tests.test_courtbazaar_api.TestDPDPIter4" name="test_admin_dpdp_list_includes_request" time="0.052" /><testcase classname="backend.tests.test_courtbazaar_api.TestDPDPIter4" name="test_admin_execute_deletion_anonymises_user" time="0.427"><failure message="AssertionError: deleted user token should be invalid; got 200 {&quot;user_id&quot;:&quot;user_d7e0f8659e88&quot;,&quot;email&quot;:&quot;deleted_user_f9809c44@deleted.local&quot;,&quot;name&quot;:&quot;[deleted]&quot;,&quot;phone&quot;:null,&quot;role&quot;:&quot;advocate&quot;,&quot;verified&quot;:false,&quot;wallet_balance&quot;:0.0,&quot;subscription&quot;:&quot;free&quot;,&quot;created_at&quot;:&quot;2026-06-10T12:10:52.641084+00:00&quot;,&quot;avatar_url&quot;:null,&quot;bar_council_id&quot;:null,&quot;chamber_address&quot;:null,&quot;deleted&quot;:true,&quot;deleted_at&quot;:&quot;2026-06-10T12:10:52.750860+00:00&quot;,&quot;gst_number&quot;:null}&#10;assert 200 == 401&#10; +  where 200 = &lt;Response [200]&gt;.status_code">backend/tests/test_courtbazaar_api.py:1328: in test_admin_execute_deletion_anonymises_user
    assert r3.status_code == 401, f"deleted user token should be invalid; got {r3.status_code} {r3.text}"
E   AssertionError: deleted user token should be invalid; got 200 {"user_id":"user_d7e0f8659e88","email":"deleted_user_f9809c44@deleted.local","name":"[deleted]","phone":null,"role":"advocate","verified":false,"wallet_balance":0.0,"subscription":"free","created_at":"2026-06-10T12:10:52.641084+00:00","avatar_url":null,"bar_council_id":null,"chamber_address":null,"deleted":true,"deleted_at":"2026-06-10T12:10:52.750860+00:00","gst_number":null}
E   assert 200 == 401
E    +  where 200 = &lt;Response [200]&gt;.status_code</failure></testcase><testcase classname="backend.tests.test_courtbazaar_api.TestComplianceReportIter4" name="test_compliance_report_shape" time="0.050" /><testcase classname="backend.tests.test_courtbazaar_api.TestVendorLeaderboardIter4" name="test_leaderboard_admin" time="0.050" /><testcase classname="backend.tests.test_courtbazaar_api.TestVendorLeaderboardIter4" name="test_leaderboard_forbidden_for_non_admin" time="0.049" /><testcase classname="backend.tests.test_courtbazaar_api.TestVendorLeaderboardIter4" name="test_vendor_me_sla" time="0.322" /><testcase classname="backend.tests.test_courtbazaar_api.TestVendorLeaderboardIter4" name="test_vendor_me_sla_forbidden_for_advocate" time="0.049" /><testcase classname="backend.tests.test_courtbazaar_api.TestVendorLeaderboardIter4" name="test_vendor_sla_by_id_admin" time="0.099" /><testcase classname="backend.tests.test_courtbazaar_api.TestVendorLeaderboardIter4" name="test_vendor_sla_by_id_other_vendor_forbidden" time="0.047" /><testcase classname="backend.tests.test_courtbazaar_api.TestRegressionIter4" name="test_states_36plus" time="0.046" /><testcase classname="backend.tests.test_courtbazaar_api.TestRegressionIter4" name="test_services_44" time="0.048" /><testcase classname="backend.tests.test_courtbazaar_api.TestRegressionIter4" name="test_admin_analytics_ok" time="0.050" /><testcase classname="backend.tests.test_courtbazaar_api.TestRegressionIter4" name="test_admin_reconciliation_ok" time="0.048" /></testsuite></testsuites>