<?xml version="1.0" encoding="utf-8"?><testsuites name="pytest tests"><testsuite name="pytest" errors="0" failures="2" skipped="0" tests="102" time="132.952" timestamp="2026-06-10T12:11:17.998924+00:00" hostname="agent-env-1a34c295-26c4-42d6-b3e2-ad01ebbb62f0"><testcase classname="backend.tests.test_courtbazaar_api.TestHealth" name="test_root" time="0.135" /><testcase classname="backend.tests.test_courtbazaar_api.TestHealth" name="test_states" time="0.045" /><testcase classname="backend.tests.test_courtbazaar_api.TestHealth" name="test_services" time="0.044" /><testcase classname="backend.tests.test_courtbazaar_api.TestHealth" name="test_service_categories" time="0.048" /><testcase classname="backend.tests.test_courtbazaar_api.TestHealth" name="test_service_detail" time="0.048" /><testcase classname="backend.tests.test_courtbazaar_api.TestAuth" name="test_login_advocate" time="0.270" /><testcase classname="backend.tests.test_courtbazaar_api.TestAuth" name="test_auth_me_returns_advocate" time="0.323" /><testcase classname="backend.tests.test_courtbazaar_api.TestAuth" name="test_register_new_user" time="0.330" /><testcase classname="backend.tests.test_courtbazaar_api.TestAuth" name="test_login_invalid" time="0.270" /><testcase classname="backend.tests.test_courtbazaar_api.TestAuth" name="test_otp_request" time="0.064" /><testcase classname="backend.tests.test_courtbazaar_api.TestAuth" name="test_otp_verify_creates_user" time="0.047" /><testcase classname="backend.tests.test_courtbazaar_api.TestAuth" name="test_otp_verify_invalid" time="0.047" /><testcase classname="backend.tests.test_courtbazaar_api.TestProfile" name="test_update_profile_persists" time="0.099" /><testcase classname="backend.tests.test_courtbazaar_api.TestCourts" name="test_courts_by_state_delhi" time="0.044" /><testcase classname="backend.tests.test_courtbazaar_api.TestCourts" name="test_court_detail_with_vendor_count" time="0.048" /><testcase classname="backend.tests.test_courtbazaar_api.TestFiles" name="test_upload_and_list" time="0.460" /><testcase classname="backend.tests.test_courtbazaar_api.TestOrders" name="test_quote_pricing_includes_gst_total" time="0.054" /><testcase classname="backend.tests.test_courtbazaar_api.TestOrders" name="test_create_order_auto_matches_vendor" time="0.056" /><testcase classname="backend.tests.test_courtbazaar_api.TestOrders" name="test_list_my_orders" time="0.053" /><testcase classname="backend.tests.test_courtbazaar_api.TestOrders" name="test_get_order_detail" time="0.045" /><testcase classname="backend.tests.test_courtbazaar_api.TestPayments" name="test_checkout_returns_stripe_url" time="0.552" /><testcase classname="backend.tests.test_courtbazaar_api.TestPayments" name="test_payment_status_pending" time="0.300" /><testcase classname="backend.tests.test_courtbazaar_api.TestAI" name="test_ai_chat" time="11.464" /><testcase classname="backend.tests.test_courtbazaar_api.TestAI" name="test_ai_history" time="0.055" /><testcase classname="backend.tests.test_courtbazaar_api.TestAI" name="test_filing_checklist" time="60.055"><failure message="AssertionError: The preview environment is not responding. It may be starting up.&#10;  &#10;assert 502 == 200&#10; +  where 502 = &lt;Response [502]&gt;.status_code">E   AssertionError: The preview environment is not responding. It may be starting up.
      
    assert 502 == 200
     +  where 502 = &lt;Response [502]&gt;.status_code</failure></testcase><testcase classname="backend.tests.test_courtbazaar_api.TestSubscriptions" name="test_plans" time="0.111" /><testcase classname="backend.tests.test_courtbazaar_api.TestSubscriptions" name="test_activate" time="0.143" /><testcase classname="backend.tests.test_courtbazaar_api.TestWallet" name="test_wallet_get_and_add" time="0.092" /><testcase classname="backend.tests.test_courtbazaar_api.TestVendor" name="test_vendor_login_and_me" time="0.319" /><testcase classname="backend.tests.test_courtbazaar_api.TestVendor" name="test_vendor_sees_matched_orders" time="0.058" /><testcase classname="backend.tests.test_courtbazaar_api.TestVendor" name="test_vendor_updates_order_status" time="0.089" /><testcase classname="backend.tests.test_courtbazaar_api.TestVendorOnboard" name="test_advocate_can_onboard_vendor" time="0.372" /><testcase classname="backend.tests.test_courtbazaar_api.TestAdmin" name="test_analytics" time="0.315" /><testcase classname="backend.tests.test_courtbazaar_api.TestAdmin" name="test_admin_vendors" time="0.045" /><testcase classname="backend.tests.test_courtbazaar_api.TestAdmin" name="test_admin_users" time="0.049" /><testcase classname="backend.tests.test_courtbazaar_api.TestAdmin" name="test_admin_update_pricing" time="0.139" /><testcase classname="backend.tests.test_courtbazaar_api.TestAuthSecurity" name="test_orders_requires_auth" time="0.173" /><testcase classname="backend.tests.test_courtbazaar_api.TestAuthSecurity" name="test_admin_endpoint_forbidden_for_non_admin" time="0.045" /><testcase classname="backend.tests.test_courtbazaar_api.TestCourtsP1" name="test_serviceable_only_returns_delhi_only" time="0.045" /><testcase classname="backend.tests.test_courtbazaar_api.TestCourtsP1" name="test_all_courts_count" time="0.063" /><testcase classname="backend.tests.test_courtbazaar_api.TestPaymentsP1" name="test_payment_methods_endpoint" time="0.045" /><testcase classname="backend.tests.test_courtbazaar_api.TestPaymentsP1" name="test_razorpay_create_and_verify_simulated" time="0.188" /><testcase classname="backend.tests.test_courtbazaar_api.TestNotificationsP1" name="test_notifications_status" time="0.042" /><testcase classname="backend.tests.test_courtbazaar_api.TestNotificationsP1" name="test_notif_prefs_update_persists" time="0.096" /><testcase classname="backend.tests.test_courtbazaar_api.TestNotificationsP1" name="test_order_creation_triggers_notification_without_error" time="0.045" /><testcase classname="backend.tests.test_courtbazaar_api.TestNotificationsP1" name="test_order_status_update_triggers_notification_without_error" time="0.093" /><testcase classname="backend.tests.test_courtbazaar_api.TestLawFirmP1" name="test_create_firm_and_me" time="0.430" /><testcase classname="backend.tests.test_courtbazaar_api.TestLawFirmP1" name="test_firm_invite_non_owner_forbidden" time="0.045" /><testcase classname="backend.tests.test_courtbazaar_api.TestLawFirmP1" name="test_firm_invite_and_accept_flow" time="0.461" /><testcase classname="backend.tests.test_courtbazaar_api.TestLawFirmP1" name="test_firm_orders_endpoint" time="0.096" /><testcase classname="backend.tests.test_courtbazaar_api.TestDeliveryP1" name="test_delivery_integrations" time="0.069" /><testcase classname="backend.tests.test_courtbazaar_api.TestDeliveryP1" name="test_delivery_full_flow" time="1.148" /><testcase classname="backend.tests.test_courtbazaar_api.TestDeliveryP1" name="test_delivery_queue_forbidden_for_non_dp" time="0.045" /><testcase classname="backend.tests.test_courtbazaar_api.TestServiceabilityP1" name="test_order_non_delhi_court_rejected" time="0.046" /><testcase classname="backend.tests.test_courtbazaar_api.TestServiceabilityP1" name="test_order_delhi_court_succeeds" time="0.049" /><testcase classname="backend.tests.test_courtbazaar_api.TestDocIntelP1" name="test_doc_intel_analyze_returns_valid_report" time="23.605" /><testcase classname="backend.tests.test_courtbazaar_api.TestSponsoredP1" name="test_sponsored_plan" time="0.051" /><testcase classname="backend.tests.test_courtbazaar_api.TestSponsoredP1" name="test_sponsored_activate_and_priority_in_matching" time="0.139" /><testcase classname="backend.tests.test_courtbazaar_api.TestDocIntelRealOCR" name="test_analyze_pdf_and_png_with_ocr" time="20.945" /><testcase classname="backend.tests.test_courtbazaar_api.TestAdminReconciliation" name="test_seed_one_paid_stripe_and_one_paid_razorpay" time="0.735" /><testcase classname="backend.tests.test_courtbazaar_api.TestAdminReconciliation" name="test_reconciliation_list_shape" time="0.048" /><testcase classname="backend.tests.test_courtbazaar_api.TestAdminReconciliation" name="test_reconciliation_filter_by_gateway" time="0.045" /><testcase classname="backend.tests.test_courtbazaar_api.TestAdminReconciliation" name="test_reconciliation_filter_by_status_paid" time="0.057" /><testcase classname="backend.tests.test_courtbazaar_api.TestAdminReconciliation" name="test_reconciliation_mismatch_detection" time="0.556" /><testcase classname="backend.tests.test_courtbazaar_api.TestAdminReconciliation" name="test_reconciliation_csv_export" time="0.051" /><testcase classname="backend.tests.test_courtbazaar_api.TestAdminReconciliation" name="test_reconciliation_forbidden_for_non_admin" time="0.092" /><testcase classname="backend.tests.test_courtbazaar_api.TestWhatsAppTemplates" name="test_seed_defaults_on_first_get" time="0.047" /><testcase classname="backend.tests.test_courtbazaar_api.TestWhatsAppTemplates" name="test_create_submit_approve_flow" time="0.232" /><testcase classname="backend.tests.test_courtbazaar_api.TestWhatsAppTemplates" name="test_reject_flow" time="0.182" /><testcase classname="backend.tests.test_courtbazaar_api.TestWhatsAppTemplates" name="test_filter_by_status_approved" time="0.044" /><testcase classname="backend.tests.test_courtbazaar_api.TestWhatsAppTemplates" name="test_delete" time="0.137" /><testcase classname="backend.tests.test_courtbazaar_api.TestWhatsAppTemplates" name="test_whatsapp_templates_forbidden_for_non_admin" time="0.045" /><testcase classname="backend.tests.test_courtbazaar_api.TestRegressionIter3" name="test_states_still_36plus" time="0.044" /><testcase classname="backend.tests.test_courtbazaar_api.TestRegressionIter3" name="test_services_still_44" time="0.042" /><testcase classname="backend.tests.test_courtbazaar_api.TestRegressionIter3" name="test_logins_all_three" time="0.812" /><testcase classname="backend.tests.test_courtbazaar_api.TestRegressionIter3" name="test_order_create_at_tishazari" time="0.047" /><testcase classname="backend.tests.test_courtbazaar_api.TestBulkImportIter4" name="test_template_download" time="0.045" /><testcase classname="backend.tests.test_courtbazaar_api.TestBulkImportIter4" name="test_bulk_import_requires_firm" time="0.451" /><testcase classname="backend.tests.test_courtbazaar_api.TestBulkImportIter4" name="test_bulk_import_happy_path" time="0.486" /><testcase classname="backend.tests.test_courtbazaar_api.TestBulkImportIter4" name="test_bulk_import_partial_errors_non_serviceable_court" time="0.532" /><testcase classname="backend.tests.test_courtbazaar_api.TestBulkImportIter4" name="test_bulk_import_unknown_service_handled" time="0.416" /><testcase classname="backend.tests.test_courtbazaar_api.TestBulkImportIter4" name="test_bulk_import_associate_forbidden" time="0.843" /><testcase classname="backend.tests.test_courtbazaar_api.TestAuditLogIter4" name="test_admin_audit_log_lists" time="0.317" /><testcase classname="backend.tests.test_courtbazaar_api.TestAuditLogIter4" name="test_admin_audit_log_filter_action" time="0.049" /><testcase classname="backend.tests.test_courtbazaar_api.TestAuditLogIter4" name="test_audit_log_forbidden_non_admin" time="0.043" /><testcase classname="backend.tests.test_courtbazaar_api.TestAuditLogIter4" name="test_audit_log_auto_write_on_order_create" time="0.597" /><testcase classname="backend.tests.test_courtbazaar_api.TestDPDPIter4" name="test_my_data_preview_shape" time="0.055" /><testcase classname="backend.tests.test_courtbazaar_api.TestDPDPIter4" name="test_my_data_download_attachment" time="0.055" /><testcase classname="backend.tests.test_courtbazaar_api.TestDPDPIter4" name="test_deletion_request_creates_record" time="0.044" /><testcase classname="backend.tests.test_courtbazaar_api.TestDPDPIter4" name="test_admin_dpdp_list_includes_request" time="0.046" /><testcase classname="backend.tests.test_courtbazaar_api.TestDPDPIter4" name="test_admin_execute_deletion_anonymises_user" time="0.410"><failure message="AssertionError: deleted user token should be invalid; got 200 {&quot;user_id&quot;:&quot;user_8be3d0c360cf&quot;,&quot;email&quot;:&quot;deleted_user_4805fb07@deleted.local&quot;,&quot;name&quot;:&quot;[deleted]&quot;,&quot;phone&quot;:null,&quot;role&quot;:&quot;advocate&quot;,&quot;verified&quot;:false,&quot;wallet_balance&quot;:0.0,&quot;subscription&quot;:&quot;free&quot;,&quot;created_at&quot;:&quot;2026-06-10T12:13:30.206855+00:00&quot;,&quot;avatar_url&quot;:null,&quot;bar_council_id&quot;:null,&quot;chamber_address&quot;:null,&quot;deleted&quot;:true,&quot;deleted_at&quot;:&quot;2026-06-10T12:13:30.300205+00:00&quot;,&quot;gst_number&quot;:null}&#10;assert 200 == 401&#10; +  where 200 = &lt;Response [200]&gt;.status_code">E   AssertionError: deleted user token should be invalid; got 200 {"user_id":"user_8be3d0c360cf","email":"deleted_user_4805fb07@deleted.local","name":"[deleted]","phone":null,"role":"advocate","verified":false,"wallet_balance":0.0,"subscription":"free","created_at":"2026-06-10T12:13:30.206855+00:00","avatar_url":null,"bar_council_id":null,"chamber_address":null,"deleted":true,"deleted_at":"2026-06-10T12:13:30.300205+00:00","gst_number":null}
    assert 200 == 401
     +  where 200 = &lt;Response [200]&gt;.status_code</failure></testcase><testcase classname="backend.tests.test_courtbazaar_api.TestComplianceReportIter4" name="test_compliance_report_shape" time="0.047" /><testcase classname="backend.tests.test_courtbazaar_api.TestVendorLeaderboardIter4" name="test_leaderboard_admin" time="0.046" /><testcase classname="backend.tests.test_courtbazaar_api.TestVendorLeaderboardIter4" name="test_leaderboard_forbidden_for_non_admin" time="0.043" /><testcase classname="backend.tests.test_courtbazaar_api.TestVendorLeaderboardIter4" name="test_vendor_me_sla" time="0.048" /><testcase classname="backend.tests.test_courtbazaar_api.TestVendorLeaderboardIter4" name="test_vendor_me_sla_forbidden_for_advocate" time="0.043" /><testcase classname="backend.tests.test_courtbazaar_api.TestVendorLeaderboardIter4" name="test_vendor_sla_by_id_admin" time="0.127" /><testcase classname="backend.tests.test_courtbazaar_api.TestVendorLeaderboardIter4" name="test_vendor_sla_by_id_other_vendor_forbidden" time="0.043" /><testcase classname="backend.tests.test_courtbazaar_api.TestRegressionIter4" name="test_states_36plus" time="0.042" /><testcase classname="backend.tests.test_courtbazaar_api.TestRegressionIter4" name="test_services_44" time="0.043" /><testcase classname="backend.tests.test_courtbazaar_api.TestRegressionIter4" name="test_admin_analytics_ok" time="0.055" /><testcase classname="backend.tests.test_courtbazaar_api.TestRegressionIter4" name="test_admin_reconciliation_ok" time="0.045" /></testsuite></testsuites>