<?xml version="1.0" encoding="utf-8"?><testsuites name="pytest tests"><testsuite name="pytest" errors="0" failures="1" skipped="0" tests="38" time="75.559" timestamp="2026-06-10T10:49:19.852374+00:00" hostname="agent-env-1a34c295-26c4-42d6-b3e2-ad01ebbb62f0"><testcase classname="backend.tests.test_courtbazaar_api.TestHealth" name="test_root" time="0.116" /><testcase classname="backend.tests.test_courtbazaar_api.TestHealth" name="test_states" time="0.054" /><testcase classname="backend.tests.test_courtbazaar_api.TestHealth" name="test_services" time="0.045" /><testcase classname="backend.tests.test_courtbazaar_api.TestHealth" name="test_service_categories" time="0.051" /><testcase classname="backend.tests.test_courtbazaar_api.TestHealth" name="test_service_detail" time="0.049" /><testcase classname="backend.tests.test_courtbazaar_api.TestAuth" name="test_login_advocate" time="0.272" /><testcase classname="backend.tests.test_courtbazaar_api.TestAuth" name="test_auth_me_returns_advocate" time="0.317" /><testcase classname="backend.tests.test_courtbazaar_api.TestAuth" name="test_register_new_user" time="0.321" /><testcase classname="backend.tests.test_courtbazaar_api.TestAuth" name="test_login_invalid" time="0.267" /><testcase classname="backend.tests.test_courtbazaar_api.TestAuth" name="test_otp_request" time="0.048" /><testcase classname="backend.tests.test_courtbazaar_api.TestAuth" name="test_otp_verify_creates_user" time="0.047" /><testcase classname="backend.tests.test_courtbazaar_api.TestAuth" name="test_otp_verify_invalid" time="0.048" /><testcase classname="backend.tests.test_courtbazaar_api.TestProfile" name="test_update_profile_persists" time="0.093" /><testcase classname="backend.tests.test_courtbazaar_api.TestCourts" name="test_courts_by_state_delhi" time="0.047" /><testcase classname="backend.tests.test_courtbazaar_api.TestCourts" name="test_court_detail_with_vendor_count" time="0.046" /><testcase classname="backend.tests.test_courtbazaar_api.TestFiles" name="test_upload_and_list" time="0.408" /><testcase classname="backend.tests.test_courtbazaar_api.TestOrders" name="test_quote_pricing_includes_gst_total" time="0.046" /><testcase classname="backend.tests.test_courtbazaar_api.TestOrders" name="test_create_order_auto_matches_vendor" time="0.048" /><testcase classname="backend.tests.test_courtbazaar_api.TestOrders" name="test_list_my_orders" time="0.049" /><testcase classname="backend.tests.test_courtbazaar_api.TestOrders" name="test_get_order_detail" time="0.046" /><testcase classname="backend.tests.test_courtbazaar_api.TestPayments" name="test_checkout_returns_stripe_url" time="0.457" /><testcase classname="backend.tests.test_courtbazaar_api.TestPayments" name="test_payment_status_pending" time="0.255" /><testcase classname="backend.tests.test_courtbazaar_api.TestAI" name="test_ai_chat" time="9.994" /><testcase classname="backend.tests.test_courtbazaar_api.TestAI" name="test_ai_history" time="0.052" /><testcase classname="backend.tests.test_courtbazaar_api.TestAI" name="test_filing_checklist" time="60.051"><failure message="AssertionError: The preview environment is not responding. It may be starting up.&#10;  &#10;assert 502 == 200&#10; +  where 502 = &lt;Response [502]&gt;.status_code">E   AssertionError: The preview environment is not responding. It may be starting up.
      
    assert 502 == 200
     +  where 502 = &lt;Response [502]&gt;.status_code</failure></testcase><testcase classname="backend.tests.test_courtbazaar_api.TestSubscriptions" name="test_plans" time="0.135" /><testcase classname="backend.tests.test_courtbazaar_api.TestSubscriptions" name="test_activate" time="0.165" /><testcase classname="backend.tests.test_courtbazaar_api.TestWallet" name="test_wallet_get_and_add" time="0.124" /><testcase classname="backend.tests.test_courtbazaar_api.TestVendor" name="test_vendor_login_and_me" time="0.336" /><testcase classname="backend.tests.test_courtbazaar_api.TestVendor" name="test_vendor_sees_matched_orders" time="0.050" /><testcase classname="backend.tests.test_courtbazaar_api.TestVendor" name="test_vendor_updates_order_status" time="0.103" /><testcase classname="backend.tests.test_courtbazaar_api.TestVendorOnboard" name="test_advocate_can_onboard_vendor" time="0.412" /><testcase classname="backend.tests.test_courtbazaar_api.TestAdmin" name="test_analytics" time="0.331" /><testcase classname="backend.tests.test_courtbazaar_api.TestAdmin" name="test_admin_vendors" time="0.066" /><testcase classname="backend.tests.test_courtbazaar_api.TestAdmin" name="test_admin_users" time="0.056" /><testcase classname="backend.tests.test_courtbazaar_api.TestAdmin" name="test_admin_update_pricing" time="0.279" /><testcase classname="backend.tests.test_courtbazaar_api.TestAuthSecurity" name="test_orders_requires_auth" time="0.140" /><testcase classname="backend.tests.test_courtbazaar_api.TestAuthSecurity" name="test_admin_endpoint_forbidden_for_non_admin" time="0.050" /></testsuite></testsuites>